<?xml version="1.0" encoding="UTF-8"?>
<!-- Generated by org.testng.reporters.JUnitXMLReporter -->
<testsuite ignored="2" hostname="LAPTOP-JH1AORIL" failures="0" tests="2" name="Test" time="6.089" errors="0" timestamp="2025-10-09T13:11:07 IST">
  <testcase classname="testScripts.LoginTest" name="verifyWetherUserIsAbleToLoginWithValidCredentials" time="1.505"/>
  <testcase classname="testScripts.LoginTest" name="verifyWetherUserIsAbleToLoginWithInvalidUsernameAndInvalidPassword" time="0.631"/>
  <testcase classname="testScripts.LoginTest" name="verifyWetherUserIsAbleToLoginWithValidUsernameAndInvalidPassword" time="0.0">
    <ignored/>
  </testcase> <!-- verifyWetherUserIsAbleToLoginWithValidUsernameAndInvalidPassword -->
  <testcase classname="testScripts.LoginTest" name="verifyWetherUserIsAbleToLoginWithInvalidUsernameAndValidPassword" time="0.0">
    <ignored/>
  </testcase> <!-- verifyWetherUserIsAbleToLoginWithInvalidUsernameAndValidPassword -->
</testsuite> <!-- Test -->
