<?xml version="1.0" encoding="UTF-8"?>
<!-- Generated by org.testng.reporters.JUnitXMLReporter -->
<testsuite ignored="3" hostname="LAPTOP-JH1AORIL" failures="0" tests="1" name="Test" time="6.202" errors="0" timestamp="2025-10-08T13:52:42 IST">
  <testcase classname="testScripts.LoginTest" name="verifyWetherUserIsAbleToLoginWithValidCredentials" time="1.624"/>
  <testcase classname="testScripts.LoginTest" name="verifyWetherUserIsAbleToLoginWithInvalidUsernameAndInvalidPassword" time="0.0">
    <ignored/>
  </testcase> <!-- verifyWetherUserIsAbleToLoginWithInvalidUsernameAndInvalidPassword -->
  <testcase classname="testScripts.LoginTest" name="verifyWetherUserIsAbleToLoginWithInvalidUsernameAndValidPassword" time="0.0">
    <ignored/>
  </testcase> <!-- verifyWetherUserIsAbleToLoginWithInvalidUsernameAndValidPassword -->
  <testcase classname="testScripts.LoginTest" name="verifyWetherUserIsAbleToLoginWithValidUsernameAndInvalidPassword" time="0.0">
    <ignored/>
  </testcase> <!-- verifyWetherUserIsAbleToLoginWithValidUsernameAndInvalidPassword -->
</testsuite> <!-- Test -->
