<?xml version="1.0" encoding="UTF-8"?>
<testng-results ignored="0" total="6" passed="6" failed="0" skipped="0">
  <reporter-output>
  </reporter-output>
  <suite started-at="2025-10-20T22:23:58 IST" name="Suite" finished-at="2025-10-20T22:24:37 IST" duration-ms="38901">
    <groups>
    </groups>
    <test started-at="2025-10-20T22:23:58 IST" name="Test" finished-at="2025-10-20T22:24:37 IST" duration-ms="38901">
      <class name="testScripts.HomeTest">
        <test-method is-config="true" signature="initializeBrowser(java.lang.String)[pri:0, instance:testScripts.HomeTest@415b0b49]" started-at="2025-10-20T22:24:18 IST" name="initializeBrowser" finished-at="2025-10-20T22:24:21 IST" duration-ms="2482" status="PASS">
          <params>
            <param index="0">
              <value>
                <![CDATA[Chrome]]>
              </value>
            </param>
          </params>
          <reporter-output>
          </reporter-output>
        </test-method> <!-- initializeBrowser -->
        <test-method signature="verifyWhetherUserIsAbleToLogOutSuccessfully()[pri:0, instance:testScripts.HomeTest@415b0b49]" started-at="2025-10-20T22:24:21 IST" name="verifyWhetherUserIsAbleToLogOutSuccessfully" finished-at="2025-10-20T22:24:23 IST" duration-ms="2585" status="PASS">
          <reporter-output>
          </reporter-output>
        </test-method> <!-- verifyWhetherUserIsAbleToLogOutSuccessfully -->
        <test-method is-config="true" signature="driverQuit(org.testng.ITestResult)[pri:0, instance:testScripts.HomeTest@415b0b49]" started-at="2025-10-20T22:24:23 IST" name="driverQuit" finished-at="2025-10-20T22:24:23 IST" duration-ms="8" status="PASS">
          <params>
            <param index="0">
              <value>
                <![CDATA[[TestResult name=verifyWhetherUserIsAbleToLogOutSuccessfully status=SUCCESS method=HomeTest.verifyWhetherUserIsAbleToLogOutSuccessfully()[pri:0, instance:testScripts.HomeTest@415b0b49] output={null}]]]>
              </value>
            </param>
          </params>
          <reporter-output>
          </reporter-output>
        </test-method> <!-- driverQuit -->
      </class> <!-- testScripts.HomeTest -->
      <class name="testScripts.AdminUsersTest">
        <test-method is-config="true" signature="initializeBrowser(java.lang.String)[pri:0, instance:testScripts.AdminUsersTest@14dd7b39]" started-at="2025-10-20T22:23:58 IST" name="initializeBrowser" finished-at="2025-10-20T22:24:00 IST" duration-ms="2213" status="PASS">
          <params>
            <param index="0">
              <value>
                <![CDATA[Chrome]]>
              </value>
            </param>
          </params>
          <reporter-output>
          </reporter-output>
        </test-method> <!-- initializeBrowser -->
        <test-method signature="verifyWhetherUserIsAbleToAddNewUser()[pri:0, instance:testScripts.AdminUsersTest@14dd7b39]" started-at="2025-10-20T22:24:00 IST" name="verifyWhetherUserIsAbleToAddNewUser" finished-at="2025-10-20T22:24:08 IST" duration-ms="7885" status="PASS">
          <reporter-output>
          </reporter-output>
        </test-method> <!-- verifyWhetherUserIsAbleToAddNewUser -->
        <test-method is-config="true" signature="initializeBrowser(java.lang.String)[pri:0, instance:testScripts.AdminUsersTest@14dd7b39]" started-at="2025-10-20T22:24:08 IST" name="initializeBrowser" finished-at="2025-10-20T22:24:10 IST" duration-ms="1881" status="PASS">
          <params>
            <param index="0">
              <value>
                <![CDATA[Chrome]]>
              </value>
            </param>
          </params>
          <reporter-output>
          </reporter-output>
        </test-method> <!-- initializeBrowser -->
        <test-method is-config="true" signature="driverQuit(org.testng.ITestResult)[pri:0, instance:testScripts.AdminUsersTest@14dd7b39]" started-at="2025-10-20T22:24:08 IST" name="driverQuit" finished-at="2025-10-20T22:24:08 IST" duration-ms="0" status="PASS">
          <params>
            <param index="0">
              <value>
                <![CDATA[[TestResult name=verifyWhetherUserIsAbleToAddNewUser status=SUCCESS method=AdminUsersTest.verifyWhetherUserIsAbleToAddNewUser()[pri:0, instance:testScripts.AdminUsersTest@14dd7b39] output={null}]]]>
              </value>
            </param>
          </params>
          <reporter-output>
          </reporter-output>
        </test-method> <!-- driverQuit -->
        <test-method signature="verifyWhetherUserIsAbleToResetUsersList()[pri:0, instance:testScripts.AdminUsersTest@14dd7b39]" started-at="2025-10-20T22:24:10 IST" name="verifyWhetherUserIsAbleToResetUsersList" finished-at="2025-10-20T22:24:13 IST" duration-ms="3469" status="PASS">
          <reporter-output>
          </reporter-output>
        </test-method> <!-- verifyWhetherUserIsAbleToResetUsersList -->
        <test-method is-config="true" signature="initializeBrowser(java.lang.String)[pri:0, instance:testScripts.AdminUsersTest@14dd7b39]" started-at="2025-10-20T22:24:13 IST" name="initializeBrowser" finished-at="2025-10-20T22:24:15 IST" duration-ms="1982" status="PASS">
          <params>
            <param index="0">
              <value>
                <![CDATA[Chrome]]>
              </value>
            </param>
          </params>
          <reporter-output>
          </reporter-output>
        </test-method> <!-- initializeBrowser -->
        <test-method is-config="true" signature="driverQuit(org.testng.ITestResult)[pri:0, instance:testScripts.AdminUsersTest@14dd7b39]" started-at="2025-10-20T22:24:13 IST" name="driverQuit" finished-at="2025-10-20T22:24:13 IST" duration-ms="0" status="PASS">
          <params>
            <param index="0">
              <value>
                <![CDATA[[TestResult name=verifyWhetherUserIsAbleToResetUsersList status=SUCCESS method=AdminUsersTest.verifyWhetherUserIsAbleToResetUsersList()[pri:0, instance:testScripts.AdminUsersTest@14dd7b39] output={null}]]]>
              </value>
            </param>
          </params>
          <reporter-output>
          </reporter-output>
        </test-method> <!-- driverQuit -->
        <test-method signature="verifyWhetherUserIsAbleToSearchNewlyAddedUser()[pri:0, instance:testScripts.AdminUsersTest@14dd7b39]" started-at="2025-10-20T22:24:15 IST" name="verifyWhetherUserIsAbleToSearchNewlyAddedUser" finished-at="2025-10-20T22:24:18 IST" duration-ms="3082" status="PASS">
          <reporter-output>
          </reporter-output>
        </test-method> <!-- verifyWhetherUserIsAbleToSearchNewlyAddedUser -->
        <test-method is-config="true" signature="driverQuit(org.testng.ITestResult)[pri:0, instance:testScripts.AdminUsersTest@14dd7b39]" started-at="2025-10-20T22:24:18 IST" name="driverQuit" finished-at="2025-10-20T22:24:18 IST" duration-ms="0" status="PASS">
          <params>
            <param index="0">
              <value>
                <![CDATA[[TestResult name=verifyWhetherUserIsAbleToSearchNewlyAddedUser status=SUCCESS method=AdminUsersTest.verifyWhetherUserIsAbleToSearchNewlyAddedUser()[pri:0, instance:testScripts.AdminUsersTest@14dd7b39] output={null}]]]>
              </value>
            </param>
          </params>
          <reporter-output>
          </reporter-output>
        </test-method> <!-- driverQuit -->
      </class> <!-- testScripts.AdminUsersTest -->
      <class name="testScripts.ManageNewsTest">
        <test-method is-config="true" signature="initializeBrowser(java.lang.String)[pri:0, instance:testScripts.ManageNewsTest@6d5620ce]" started-at="2025-10-20T22:24:23 IST" name="initializeBrowser" finished-at="2025-10-20T22:24:26 IST" duration-ms="2735" status="PASS">
          <params>
            <param index="0">
              <value>
                <![CDATA[Chrome]]>
              </value>
            </param>
          </params>
          <reporter-output>
          </reporter-output>
        </test-method> <!-- initializeBrowser -->
        <test-method signature="verifyWhetherUserIsAbleToAddNewNews()[pri:0, instance:testScripts.ManageNewsTest@6d5620ce]" started-at="2025-10-20T22:24:26 IST" name="verifyWhetherUserIsAbleToAddNewNews" finished-at="2025-10-20T22:24:30 IST" duration-ms="4292" status="PASS">
          <reporter-output>
          </reporter-output>
        </test-method> <!-- verifyWhetherUserIsAbleToAddNewNews -->
        <test-method is-config="true" signature="driverQuit(org.testng.ITestResult)[pri:0, instance:testScripts.ManageNewsTest@6d5620ce]" started-at="2025-10-20T22:24:30 IST" name="driverQuit" finished-at="2025-10-20T22:24:30 IST" duration-ms="1" status="PASS">
          <params>
            <param index="0">
              <value>
                <![CDATA[[TestResult name=verifyWhetherUserIsAbleToAddNewNews status=SUCCESS method=ManageNewsTest.verifyWhetherUserIsAbleToAddNewNews()[pri:0, instance:testScripts.ManageNewsTest@6d5620ce] output={null}]]]>
              </value>
            </param>
          </params>
          <reporter-output>
          </reporter-output>
        </test-method> <!-- driverQuit -->
        <test-method is-config="true" signature="initializeBrowser(java.lang.String)[pri:0, instance:testScripts.ManageNewsTest@6d5620ce]" started-at="2025-10-20T22:24:30 IST" name="initializeBrowser" finished-at="2025-10-20T22:24:33 IST" duration-ms="3093" status="PASS">
          <params>
            <param index="0">
              <value>
                <![CDATA[Chrome]]>
              </value>
            </param>
          </params>
          <reporter-output>
          </reporter-output>
        </test-method> <!-- initializeBrowser -->
        <test-method signature="verifyWhetherUserIsAbleToSearchAddedNews()[pri:0, instance:testScripts.ManageNewsTest@6d5620ce]" started-at="2025-10-20T22:24:33 IST" name="verifyWhetherUserIsAbleToSearchAddedNews" finished-at="2025-10-20T22:24:37 IST" duration-ms="3141" status="PASS">
          <reporter-output>
          </reporter-output>
        </test-method> <!-- verifyWhetherUserIsAbleToSearchAddedNews -->
        <test-method is-config="true" signature="driverQuit(org.testng.ITestResult)[pri:0, instance:testScripts.ManageNewsTest@6d5620ce]" started-at="2025-10-20T22:24:37 IST" name="driverQuit" finished-at="2025-10-20T22:24:37 IST" duration-ms="0" status="PASS">
          <params>
            <param index="0">
              <value>
                <![CDATA[[TestResult name=verifyWhetherUserIsAbleToSearchAddedNews status=SUCCESS method=ManageNewsTest.verifyWhetherUserIsAbleToSearchAddedNews()[pri:0, instance:testScripts.ManageNewsTest@6d5620ce] output={null}]]]>
              </value>
            </param>
          </params>
          <reporter-output>
          </reporter-output>
        </test-method> <!-- driverQuit -->
      </class> <!-- testScripts.ManageNewsTest -->
    </test> <!-- Test -->
  </suite> <!-- Suite -->
</testng-results>
